

Started GET "/movies" for 127.0.0.1 at 2012-10-14 01:47:49 -0700
  Processing by MoviesController#index as HTML
  [1m[36mMovie Load (0.2ms)[0m  [1mSELECT "movies".* FROM "movies" [0m
Rendered movies/index.html.haml within layouts/application (11.6ms)
Compiled application.css  (0ms)  (pid 5576)
Compiled application.js  (1ms)  (pid 5576)
Compiled jquery.js  (28ms)  (pid 5576)
Compiled jquery_ujs.js  (0ms)  (pid 5576)
Completed 200 OK in 125ms (Views: 123.9ms | ActiveRecord: 0.4ms)


Started GET "/assets/application.css?body=1" for 127.0.0.1 at 2012-10-14 01:47:50 -0700
Served asset /application.css - 200 OK (1ms)


Started GET "/assets/jquery_ujs.js?body=1" for 127.0.0.1 at 2012-10-14 01:47:50 -0700
Served asset /jquery_ujs.js - 200 OK (5ms)


Started GET "/assets/jquery.js?body=1" for 127.0.0.1 at 2012-10-14 01:47:50 -0700
Served asset /jquery.js - 200 OK (7ms)


Started GET "/assets/application.js?body=1" for 127.0.0.1 at 2012-10-14 01:47:50 -0700
Served asset /application.js - 200 OK (3ms)


Started GET "/movies/new" for 127.0.0.1 at 2012-10-14 01:47:56 -0700
  Processing by MoviesController#new as HTML
Rendered movies/new.html.haml within layouts/application (7.7ms)
Completed 200 OK in 14ms (Views: 13.3ms | ActiveRecord: 0.0ms)


Started GET "/assets/application.css?body=1" for 127.0.0.1 at 2012-10-14 01:47:56 -0700
Served asset /application.css - 304 Not Modified (0ms)


Started GET "/assets/jquery_ujs.js?body=1" for 127.0.0.1 at 2012-10-14 01:47:56 -0700
Served asset /jquery_ujs.js - 304 Not Modified (0ms)


Started GET "/assets/application.js?body=1" for 127.0.0.1 at 2012-10-14 01:47:56 -0700
Served asset /application.js - 304 Not Modified (0ms)


Started GET "/assets/jquery.js?body=1" for 127.0.0.1 at 2012-10-14 01:47:56 -0700
Served asset /jquery.js - 304 Not Modified (0ms)


Started POST "/movies" for 127.0.0.1 at 2012-10-14 01:48:19 -0700
  Processing by MoviesController#create as HTML
  Parameters: {"utf8"=>"✓", "authenticity_token"=>"v5lIM+/BCghkdh0xxmj9lainm5GMjw1CMO4g5kx4hH0=", "movie"=>{"title"=>"start up", "rating"=>"G", "release_date(1i)"=>"2012", "release_date(2i)"=>"10", "release_date(3i)"=>"14"}, "commit"=>"Save Changes"}
  [1m[35mSQL (29.4ms)[0m  INSERT INTO "movies" ("created_at", "description", "rating", "release_date", "title", "updated_at") VALUES (?, ?, ?, ?, ?, ?)  [["created_at", Sun, 14 Oct 2012 08:48:19 UTC +00:00], ["description", nil], ["rating", "G"], ["release_date", Sun, 14 Oct 2012 00:00:00 UTC +00:00], ["title", "start up"], ["updated_at", Sun, 14 Oct 2012 08:48:19 UTC +00:00]]
Redirected to http://localhost:3000/movies
Completed 302 Found in 62ms


Started GET "/movies" for 127.0.0.1 at 2012-10-14 01:48:19 -0700
  Processing by MoviesController#index as HTML
  [1m[36mMovie Load (0.1ms)[0m  [1mSELECT "movies".* FROM "movies" [0m
Rendered movies/index.html.haml within layouts/application (6.8ms)
Completed 200 OK in 18ms (Views: 17.0ms | ActiveRecord: 0.3ms)


Started GET "/assets/application.css?body=1" for 127.0.0.1 at 2012-10-14 01:48:19 -0700
Served asset /application.css - 304 Not Modified (0ms)


Started GET "/assets/application.js?body=1" for 127.0.0.1 at 2012-10-14 01:48:19 -0700
Served asset /application.js - 304 Not Modified (0ms)


Started GET "/assets/jquery_ujs.js?body=1" for 127.0.0.1 at 2012-10-14 01:48:19 -0700
Served asset /jquery_ujs.js - 304 Not Modified (0ms)


Started GET "/assets/jquery.js?body=1" for 127.0.0.1 at 2012-10-14 01:48:19 -0700
Served asset /jquery.js - 304 Not Modified (0ms)


Started GET "/movies/8" for 127.0.0.1 at 2012-10-14 01:48:28 -0700
  Processing by MoviesController#show as HTML
  Parameters: {"id"=>"8"}
  [1m[35mMovie Load (0.1ms)[0m  SELECT "movies".* FROM "movies" WHERE "movies"."id" = ? LIMIT 1  [["id", "8"]]
Rendered movies/show.html.haml within layouts/application (9.6ms)
Completed 200 OK in 19ms (Views: 16.6ms | ActiveRecord: 0.4ms)


Started GET "/assets/application.css?body=1" for 127.0.0.1 at 2012-10-14 01:48:28 -0700
Served asset /application.css - 304 Not Modified (0ms)


Started GET "/assets/jquery.js?body=1" for 127.0.0.1 at 2012-10-14 01:48:28 -0700
Served asset /jquery.js - 304 Not Modified (0ms)


Started GET "/assets/jquery_ujs.js?body=1" for 127.0.0.1 at 2012-10-14 01:48:28 -0700
Served asset /jquery_ujs.js - 304 Not Modified (0ms)


Started GET "/assets/application.js?body=1" for 127.0.0.1 at 2012-10-14 01:48:29 -0700
Served asset /application.js - 304 Not Modified (0ms)


Started GET "/movies/8/edit" for 127.0.0.1 at 2012-10-14 01:48:31 -0700
  Processing by MoviesController#edit as HTML
  Parameters: {"id"=>"8"}
  [1m[36mMovie Load (0.1ms)[0m  [1mSELECT "movies".* FROM "movies" WHERE "movies"."id" = ? LIMIT 1[0m  [["id", "8"]]
Rendered movies/edit.html.haml within layouts/application (13.6ms)
Completed 200 OK in 22ms (Views: 19.8ms | ActiveRecord: 0.5ms)


Started GET "/assets/application.css?body=1" for 127.0.0.1 at 2012-10-14 01:48:31 -0700
Served asset /application.css - 304 Not Modified (0ms)


Started GET "/assets/jquery.js?body=1" for 127.0.0.1 at 2012-10-14 01:48:31 -0700
Served asset /jquery.js - 304 Not Modified (0ms)


Started GET "/assets/application.js?body=1" for 127.0.0.1 at 2012-10-14 01:48:31 -0700
Served asset /application.js - 304 Not Modified (0ms)


Started GET "/assets/jquery_ujs.js?body=1" for 127.0.0.1 at 2012-10-14 01:48:31 -0700
Served asset /jquery_ujs.js - 304 Not Modified (0ms)


Started GET "/movies" for 127.0.0.1 at 2012-10-14 02:00:28 -0700
  Processing by MoviesController#index as HTML
  [1m[36mMovie Load (0.2ms)[0m  [1mSELECT "movies".* FROM "movies" [0m
Rendered movies/index.html.haml within layouts/application (14.2ms)
Completed 200 OK in 88ms (Views: 86.4ms | ActiveRecord: 0.3ms)


Started GET "/assets/application.css?body=1" for 127.0.0.1 at 2012-10-14 02:00:29 -0700
Served asset /application.css - 304 Not Modified (0ms)


Started GET "/assets/jquery.js?body=1" for 127.0.0.1 at 2012-10-14 02:00:29 -0700
Served asset /jquery.js - 304 Not Modified (5ms)


Started GET "/assets/application.js?body=1" for 127.0.0.1 at 2012-10-14 02:00:29 -0700
Served asset /application.js - 304 Not Modified (0ms)


Started GET "/assets/jquery_ujs.js?body=1" for 127.0.0.1 at 2012-10-14 02:00:29 -0700
Served asset /jquery_ujs.js - 304 Not Modified (4ms)


Started GET "/movies/new" for 127.0.0.1 at 2012-10-14 02:00:32 -0700
  Processing by MoviesController#new as HTML
Rendered movies/new.html.haml within layouts/application (6.9ms)
Completed 200 OK in 13ms (Views: 13.0ms | ActiveRecord: 0.0ms)


Started GET "/assets/application.css?body=1" for 127.0.0.1 at 2012-10-14 02:00:32 -0700
Served asset /application.css - 304 Not Modified (0ms)


Started GET "/assets/jquery.js?body=1" for 127.0.0.1 at 2012-10-14 02:00:32 -0700
Served asset /jquery.js - 304 Not Modified (0ms)


Started GET "/assets/jquery_ujs.js?body=1" for 127.0.0.1 at 2012-10-14 02:00:32 -0700
Served asset /jquery_ujs.js - 304 Not Modified (0ms)


Started GET "/assets/application.js?body=1" for 127.0.0.1 at 2012-10-14 02:00:32 -0700
Served asset /application.js - 304 Not Modified (0ms)


Started POST "/movies" for 127.0.0.1 at 2012-10-14 02:00:46 -0700
  Processing by MoviesController#create as HTML
  Parameters: {"utf8"=>"✓", "authenticity_token"=>"v5lIM+/BCghkdh0xxmj9lainm5GMjw1CMO4g5kx4hH0=", "movie"=>{"title"=>"myPotatoes", "rating"=>"NC-17", "release_date(1i)"=>"2012", "release_date(2i)"=>"2", "release_date(3i)"=>"29"}, "commit"=>"Save Changes"}
  [1m[35mSQL (46.0ms)[0m  INSERT INTO "movies" ("created_at", "description", "rating", "release_date", "title", "updated_at") VALUES (?, ?, ?, ?, ?, ?)  [["created_at", Sun, 14 Oct 2012 09:00:46 UTC +00:00], ["description", nil], ["rating", "NC-17"], ["release_date", Wed, 29 Feb 2012 00:00:00 UTC +00:00], ["title", "myPotatoes"], ["updated_at", Sun, 14 Oct 2012 09:00:46 UTC +00:00]]
Redirected to http://localhost:3000/movies
Completed 302 Found in 72ms


Started GET "/movies" for 127.0.0.1 at 2012-10-14 02:00:46 -0700
  Processing by MoviesController#index as HTML
  [1m[36mMovie Load (0.1ms)[0m  [1mSELECT "movies".* FROM "movies" [0m
Rendered movies/index.html.haml within layouts/application (12.6ms)
Completed 200 OK in 22ms (Views: 20.0ms | ActiveRecord: 0.5ms)


Started GET "/assets/jquery.js?body=1" for 127.0.0.1 at 2012-10-14 02:00:47 -0700
Served asset /jquery.js - 304 Not Modified (0ms)


Started GET "/assets/jquery_ujs.js?body=1" for 127.0.0.1 at 2012-10-14 02:00:47 -0700
Served asset /jquery_ujs.js - 304 Not Modified (0ms)


Started GET "/assets/application.js?body=1" for 127.0.0.1 at 2012-10-14 02:00:47 -0700
Served asset /application.js - 304 Not Modified (0ms)


Started GET "/assets/application.css?body=1" for 127.0.0.1 at 2012-10-14 02:00:47 -0700
Served asset /application.css - 304 Not Modified (0ms)


Started GET "/mm" for 127.0.0.1 at 2012-10-14 06:55:30 -0700

ActionController::RoutingError (No route matches [GET] "/mm"):
  

Rendered /usr/local/lib/ruby/gems/1.9.1/gems/actionpack-3.1.0/lib/action_dispatch/middleware/templates/rescues/routing_error.erb within rescues/layout (0.6ms)


Started GET "/movies" for 127.0.0.1 at 2012-10-14 06:55:36 -0700
  Processing by MoviesController#index as HTML
  [1m[36mMovie Load (0.2ms)[0m  [1mSELECT "movies".* FROM "movies" [0m
Rendered movies/index.html.haml within layouts/application (39.4ms)
Completed 200 OK in 82ms (Views: 80.6ms | ActiveRecord: 0.3ms)


Started GET "/assets/application.css?body=1" for 127.0.0.1 at 2012-10-14 06:55:36 -0700
Served asset /application.css - 304 Not Modified (0ms)


Started GET "/assets/jquery.js?body=1" for 127.0.0.1 at 2012-10-14 06:55:36 -0700
Served asset /jquery.js - 304 Not Modified (1ms)


Started GET "/assets/jquery_ujs.js?body=1" for 127.0.0.1 at 2012-10-14 06:55:36 -0700
Served asset /jquery_ujs.js - 304 Not Modified (1ms)


Started GET "/assets/application.js?body=1" for 127.0.0.1 at 2012-10-14 06:55:36 -0700
Served asset /application.js - 304 Not Modified (0ms)


Started GET "/movies" for 127.0.0.1 at 2012-10-14 06:56:47 -0700
  Processing by MoviesController#index as HTML
  [1m[36mMovie Load (0.2ms)[0m  [1mSELECT "movies".* FROM "movies" [0m
Rendered movies/index.html.haml within layouts/application (15.0ms)
Completed 200 OK in 98ms (Views: 96.7ms | ActiveRecord: 0.3ms)


Started GET "/assets/application.css?body=1" for 127.0.0.1 at 2012-10-14 06:56:49 -0700
Served asset /application.css - 304 Not Modified (0ms)


Started GET "/assets/jquery_ujs.js?body=1" for 127.0.0.1 at 2012-10-14 06:56:49 -0700
Served asset /jquery_ujs.js - 304 Not Modified (3ms)


Started GET "/assets/jquery.js?body=1" for 127.0.0.1 at 2012-10-14 06:56:49 -0700
Served asset /jquery.js - 304 Not Modified (8ms)


Started GET "/assets/application.js?body=1" for 127.0.0.1 at 2012-10-14 06:56:49 -0700
Served asset /application.js - 304 Not Modified (0ms)


Started GET "/index" for 127.0.0.1 at 2012-10-14 06:56:56 -0700

ActionController::RoutingError (No route matches [GET] "/index"):
  

Rendered /usr/local/lib/ruby/gems/1.9.1/gems/actionpack-3.1.0/lib/action_dispatch/middleware/templates/rescues/routing_error.erb within rescues/layout (0.5ms)


Started GET "/home%20page" for 127.0.0.1 at 2012-10-14 06:57:56 -0700

ActionController::RoutingError (No route matches [GET] "/home%20page"):
  

Rendered /usr/local/lib/ruby/gems/1.9.1/gems/actionpack-3.1.0/lib/action_dispatch/middleware/templates/rescues/routing_error.erb within rescues/layout (0.4ms)


Started GET "/homepage" for 127.0.0.1 at 2012-10-14 06:58:00 -0700

ActionController::RoutingError (No route matches [GET] "/homepage"):
  

Rendered /usr/local/lib/ruby/gems/1.9.1/gems/actionpack-3.1.0/lib/action_dispatch/middleware/templates/rescues/routing_error.erb within rescues/layout (0.6ms)


Started GET "/movies" for 127.0.0.1 at 2012-10-14 07:00:57 -0700
  Processing by MoviesController#index as HTML
  [1m[35mMovie Load (0.1ms)[0m  SELECT "movies".* FROM "movies" 
Rendered movies/index.html.haml within layouts/application (7.0ms)
Completed 200 OK in 15ms (Views: 13.3ms | ActiveRecord: 0.4ms)


Started GET "/assets/application.css?body=1" for 127.0.0.1 at 2012-10-14 07:00:57 -0700
Served asset /application.css - 304 Not Modified (0ms)


Started GET "/assets/jquery_ujs.js?body=1" for 127.0.0.1 at 2012-10-14 07:00:57 -0700
Served asset /jquery_ujs.js - 304 Not Modified (1ms)


Started GET "/assets/jquery.js?body=1" for 127.0.0.1 at 2012-10-14 07:00:57 -0700
Served asset /jquery.js - 304 Not Modified (0ms)


Started GET "/assets/application.js?body=1" for 127.0.0.1 at 2012-10-14 07:00:57 -0700
Served asset /application.js - 304 Not Modified (0ms)


Started GET "/movie" for 127.0.0.1 at 2012-10-14 07:01:02 -0700

ActionController::RoutingError (No route matches [GET] "/movie"):
  

Rendered /usr/local/lib/ruby/gems/1.9.1/gems/actionpack-3.1.0/lib/action_dispatch/middleware/templates/rescues/routing_error.erb within rescues/layout (0.5ms)


Started GET "/movies" for 127.0.0.1 at 2012-10-14 07:01:04 -0700
  Processing by MoviesController#index as HTML
  [1m[36mMovie Load (0.1ms)[0m  [1mSELECT "movies".* FROM "movies" [0m
Rendered movies/index.html.haml within layouts/application (8.4ms)
Completed 200 OK in 18ms (Views: 15.5ms | ActiveRecord: 0.6ms)


Started GET "/assets/application.css?body=1" for 127.0.0.1 at 2012-10-14 07:01:04 -0700
Served asset /application.css - 304 Not Modified (0ms)


Started GET "/assets/application.js?body=1" for 127.0.0.1 at 2012-10-14 07:01:04 -0700
Served asset /application.js - 304 Not Modified (0ms)


Started GET "/assets/jquery_ujs.js?body=1" for 127.0.0.1 at 2012-10-14 07:01:04 -0700
Served asset /jquery_ujs.js - 304 Not Modified (8ms)


Started GET "/assets/jquery.js?body=1" for 127.0.0.1 at 2012-10-14 07:01:04 -0700
Served asset /jquery.js - 304 Not Modified (0ms)


Started GET "/sds" for 127.0.0.1 at 2012-10-14 13:05:01 -0700

ActionController::RoutingError (No route matches [GET] "/sds"):
  

Rendered /usr/local/lib/ruby/gems/1.9.1/gems/actionpack-3.1.0/lib/action_dispatch/middleware/templates/rescues/routing_error.erb within rescues/layout (0.8ms)


Started GET "/" for 127.0.0.1 at 2012-10-14 13:10:24 -0700


Started GET "/moives" for 127.0.0.1 at 2012-10-14 13:10:53 -0700

ActionController::RoutingError (No route matches [GET] "/moives"):
  

Rendered /usr/local/lib/ruby/gems/1.9.1/gems/actionpack-3.1.0/lib/action_dispatch/middleware/templates/rescues/routing_error.erb within rescues/layout (0.6ms)


Started GET "/movies" for 127.0.0.1 at 2012-10-14 13:11:00 -0700
  Processing by MoviesController#index as HTML
  [1m[36mMovie Load (0.2ms)[0m  [1mSELECT "movies".* FROM "movies" [0m
Rendered movies/index.html.haml within layouts/application (37.5ms)
Compiled application.js  (19ms)  (pid 2004)
Compiled home.js  (142ms)  (pid 2004)
Completed 200 OK in 313ms (Views: 311.3ms | ActiveRecord: 0.4ms)


Started GET "/assets/application.css?body=1" for 127.0.0.1 at 2012-10-14 13:11:01 -0700
Served asset /application.css - 200 OK (36ms)


Started GET "/assets/home.js?body=1" for 127.0.0.1 at 2012-10-14 13:11:01 -0700
Served asset /home.js - 200 OK (2ms)


Started GET "/assets/jquery.js?body=1" for 127.0.0.1 at 2012-10-14 13:11:01 -0700
Served asset /jquery.js - 200 OK (17ms)


Started GET "/assets/application.js?body=1" for 127.0.0.1 at 2012-10-14 13:11:01 -0700
Served asset /application.js - 200 OK (15ms)


Started GET "/assets/jquery_ujs.js?body=1" for 127.0.0.1 at 2012-10-14 13:11:01 -0700
Served asset /jquery_ujs.js - 200 OK (7ms)


Started GET "/homeindex" for 127.0.0.1 at 2012-10-14 13:11:11 -0700

ActionController::RoutingError (No route matches [GET] "/homeindex"):
  

Rendered /usr/local/lib/ruby/gems/1.9.1/gems/actionpack-3.1.0/lib/action_dispatch/middleware/templates/rescues/routing_error.erb within rescues/layout (0.5ms)


Started GET "/home" for 127.0.0.1 at 2012-10-14 13:11:15 -0700

ActionController::RoutingError (No route matches [GET] "/home"):
  

Rendered /usr/local/lib/ruby/gems/1.9.1/gems/actionpack-3.1.0/lib/action_dispatch/middleware/templates/rescues/routing_error.erb within rescues/layout (0.5ms)


Started GET "/homeindex" for 127.0.0.1 at 2012-10-14 13:11:17 -0700

ActionController::RoutingError (No route matches [GET] "/homeindex"):
  

Rendered /usr/local/lib/ruby/gems/1.9.1/gems/actionpack-3.1.0/lib/action_dispatch/middleware/templates/rescues/routing_error.erb within rescues/layout (1.2ms)


Started GET "/homepage" for 127.0.0.1 at 2012-10-14 13:11:20 -0700

ActionController::RoutingError (No route matches [GET] "/homepage"):
  

Rendered /usr/local/lib/ruby/gems/1.9.1/gems/actionpack-3.1.0/lib/action_dispatch/middleware/templates/rescues/routing_error.erb within rescues/layout (0.5ms)


Started GET "/home" for 127.0.0.1 at 2012-10-14 13:11:38 -0700

ActionController::RoutingError (No route matches [GET] "/home"):
  

Rendered /usr/local/lib/ruby/gems/1.9.1/gems/actionpack-3.1.0/lib/action_dispatch/middleware/templates/rescues/routing_error.erb within rescues/layout (0.4ms)


Started GET "/" for 127.0.0.1 at 2012-10-14 13:12:48 -0700


Started GET "/" for 127.0.0.1 at 2012-10-14 13:16:49 -0700
  Processing by HomeController#index as HTML
Rendered home/index.html.erb within layouts/application (0.5ms)
Completed 200 OK in 118ms (Views: 117.9ms | ActiveRecord: 0.0ms)


Started GET "/assets/application.css?body=1" for 127.0.0.1 at 2012-10-14 13:16:50 -0700
Served asset /application.css - 304 Not Modified (0ms)


Started GET "/assets/application.js?body=1" for 127.0.0.1 at 2012-10-14 13:16:50 -0700
Served asset /application.js - 304 Not Modified (0ms)


Started GET "/assets/home.js?body=1" for 127.0.0.1 at 2012-10-14 13:16:50 -0700
Served asset /home.js - 304 Not Modified (1ms)


Started GET "/assets/jquery_ujs.js?body=1" for 127.0.0.1 at 2012-10-14 13:16:50 -0700
Served asset /jquery_ujs.js - 304 Not Modified (1ms)


Started GET "/assets/jquery.js?body=1" for 127.0.0.1 at 2012-10-14 13:16:50 -0700
Served asset /jquery.js - 304 Not Modified (2ms)


Started GET "/lmlm" for 127.0.0.1 at 2012-10-14 13:17:08 -0700

ActionController::RoutingError (No route matches [GET] "/lmlm"):
  

Rendered /usr/local/lib/ruby/gems/1.9.1/gems/actionpack-3.1.0/lib/action_dispatch/middleware/templates/rescues/routing_error.erb within rescues/layout (0.7ms)


Started GET "/" for 127.0.0.1 at 2012-10-14 13:22:38 -0700
  Processing by HomeController#index as HTML
Rendered home/index.html.erb within layouts/application (0.3ms)
Completed 200 OK in 74ms (Views: 74.0ms | ActiveRecord: 0.0ms)


Started GET "/assets/application.css?body=1" for 127.0.0.1 at 2012-10-14 13:22:39 -0700
Served asset /application.css - 304 Not Modified (0ms)


Started GET "/assets/application.js?body=1" for 127.0.0.1 at 2012-10-14 13:22:39 -0700
Served asset /application.js - 304 Not Modified (0ms)


Started GET "/assets/home.js?body=1" for 127.0.0.1 at 2012-10-14 13:22:39 -0700
Served asset /home.js - 304 Not Modified (1ms)


Started GET "/assets/jquery_ujs.js?body=1" for 127.0.0.1 at 2012-10-14 13:22:39 -0700
Served asset /jquery_ujs.js - 304 Not Modified (2ms)


Started GET "/assets/jquery.js?body=1" for 127.0.0.1 at 2012-10-14 13:22:39 -0700
Served asset /jquery.js - 304 Not Modified (2ms)


Started GET "/" for 127.0.0.1 at 2012-10-14 13:23:59 -0700


Started GET "/" for 127.0.0.1 at 2012-10-14 13:24:01 -0700


Started GET "/movies" for 127.0.0.1 at 2012-10-14 13:24:05 -0700
  Processing by MoviesController#index as HTML
  [1m[36mMovie Load (0.3ms)[0m  [1mSELECT "movies".* FROM "movies" [0m
Rendered movies/index.html.haml within layouts/application (13.6ms)
Completed 200 OK in 91ms (Views: 89.7ms | ActiveRecord: 0.5ms)


Started GET "/assets/application.css?body=1" for 127.0.0.1 at 2012-10-14 13:24:05 -0700
Served asset /application.css - 304 Not Modified (0ms)


Started GET "/assets/home.js?body=1" for 127.0.0.1 at 2012-10-14 13:24:05 -0700
Served asset /home.js - 304 Not Modified (2ms)


Started GET "/assets/jquery.js?body=1" for 127.0.0.1 at 2012-10-14 13:24:05 -0700
Served asset /jquery.js - 304 Not Modified (41ms)


Started GET "/assets/jquery_ujs.js?body=1" for 127.0.0.1 at 2012-10-14 13:24:05 -0700
Served asset /jquery_ujs.js - 304 Not Modified (1ms)


Started GET "/assets/application.js?body=1" for 127.0.0.1 at 2012-10-14 13:24:05 -0700
Served asset /application.js - 304 Not Modified (0ms)


Started GET "/home" for 127.0.0.1 at 2012-10-14 13:24:15 -0700

ActionController::RoutingError (No route matches [GET] "/home"):
  

Rendered /usr/local/lib/ruby/gems/1.9.1/gems/actionpack-3.1.0/lib/action_dispatch/middleware/templates/rescues/routing_error.erb within rescues/layout (1.2ms)


Started GET "/homeindex" for 127.0.0.1 at 2012-10-14 13:24:19 -0700

ActionController::RoutingError (No route matches [GET] "/homeindex"):
  

Rendered /usr/local/lib/ruby/gems/1.9.1/gems/actionpack-3.1.0/lib/action_dispatch/middleware/templates/rescues/routing_error.erb within rescues/layout (0.5ms)


Started GET "/" for 127.0.0.1 at 2012-10-14 13:25:58 -0700


Started GET "/home" for 127.0.0.1 at 2012-10-14 13:25:59 -0700

ActionController::RoutingError (No route matches [GET] "/home"):
  

Rendered /usr/local/lib/ruby/gems/1.9.1/gems/actionpack-3.1.0/lib/action_dispatch/middleware/templates/rescues/routing_error.erb within rescues/layout (0.8ms)


Started GET "/movies" for 127.0.0.1 at 2012-10-14 13:26:03 -0700
  Processing by MoviesController#index as HTML
  [1m[36mMovie Load (0.3ms)[0m  [1mSELECT "movies".* FROM "movies" [0m
Rendered movies/index.html.haml within layouts/application (18.0ms)
Completed 200 OK in 33ms (Views: 31.2ms | ActiveRecord: 0.6ms)


Started GET "/assets/application.css?body=1" for 127.0.0.1 at 2012-10-14 13:26:03 -0700
Served asset /application.css - 304 Not Modified (0ms)


Started GET "/assets/jquery.js?body=1" for 127.0.0.1 at 2012-10-14 13:26:04 -0700
Served asset /jquery.js - 304 Not Modified (9ms)


Started GET "/assets/application.js?body=1" for 127.0.0.1 at 2012-10-14 13:26:04 -0700
Served asset /application.js - 304 Not Modified (3ms)


Started GET "/assets/jquery_ujs.js?body=1" for 127.0.0.1 at 2012-10-14 13:26:04 -0700
Served asset /jquery_ujs.js - 304 Not Modified (1ms)


Started GET "/assets/home.js?body=1" for 127.0.0.1 at 2012-10-14 13:26:04 -0700
Served asset /home.js - 304 Not Modified (1ms)


Started GET "/" for 127.0.0.1 at 2012-10-14 13:26:08 -0700


Started GET "/home" for 127.0.0.1 at 2012-10-14 13:26:08 -0700

ActionController::RoutingError (No route matches [GET] "/home"):
  

Rendered /usr/local/lib/ruby/gems/1.9.1/gems/actionpack-3.1.0/lib/action_dispatch/middleware/templates/rescues/routing_error.erb within rescues/layout (1.3ms)


Started GET "/home,," for 127.0.0.1 at 2012-10-14 13:26:17 -0700

ActionController::RoutingError (No route matches [GET] "/home,,"):
  

Rendered /usr/local/lib/ruby/gems/1.9.1/gems/actionpack-3.1.0/lib/action_dispatch/middleware/templates/rescues/routing_error.erb within rescues/layout (0.6ms)


Started GET "/" for 127.0.0.1 at 2012-10-14 13:26:21 -0700


Started GET "/home" for 127.0.0.1 at 2012-10-14 13:26:21 -0700

ActionController::RoutingError (No route matches [GET] "/home"):
  

Rendered /usr/local/lib/ruby/gems/1.9.1/gems/actionpack-3.1.0/lib/action_dispatch/middleware/templates/rescues/routing_error.erb within rescues/layout (0.5ms)


Started GET "/" for 127.0.0.1 at 2012-10-14 13:27:17 -0700


Started GET "/movies" for 127.0.0.1 at 2012-10-14 13:27:18 -0700
  Processing by MoviesController#index as HTML
  [1m[36mMovie Load (0.2ms)[0m  [1mSELECT "movies".* FROM "movies" [0m
Rendered movies/index.html.haml within layouts/application (12.5ms)
Completed 200 OK in 93ms (Views: 91.7ms | ActiveRecord: 0.4ms)


Started GET "/assets/application.css?body=1" for 127.0.0.1 at 2012-10-14 13:27:18 -0700
Served asset /application.css - 304 Not Modified (0ms)


Started GET "/assets/jquery.js?body=1" for 127.0.0.1 at 2012-10-14 13:27:18 -0700
Served asset /jquery.js - 304 Not Modified (4ms)


Started GET "/assets/jquery_ujs.js?body=1" for 127.0.0.1 at 2012-10-14 13:27:18 -0700
Served asset /jquery_ujs.js - 304 Not Modified (66ms)


Started GET "/assets/application.js?body=1" for 127.0.0.1 at 2012-10-14 13:27:18 -0700
Served asset /application.js - 304 Not Modified (0ms)


Started GET "/assets/home.js?body=1" for 127.0.0.1 at 2012-10-14 13:27:18 -0700
Served asset /home.js - 304 Not Modified (1ms)


Started GET "/koko" for 127.0.0.1 at 2012-10-14 13:27:22 -0700

ActionController::RoutingError (No route matches [GET] "/koko"):
  

Rendered /usr/local/lib/ruby/gems/1.9.1/gems/actionpack-3.1.0/lib/action_dispatch/middleware/templates/rescues/routing_error.erb within rescues/layout (0.5ms)


Started GET "/" for 127.0.0.1 at 2012-10-14 13:27:33 -0700


Started GET "/movies" for 127.0.0.1 at 2012-10-14 13:27:33 -0700
  Processing by MoviesController#index as HTML
  [1m[35mMovie Load (0.1ms)[0m  SELECT "movies".* FROM "movies" 
Rendered movies/index.html.haml within layouts/application (7.4ms)
Completed 200 OK in 15ms (Views: 13.3ms | ActiveRecord: 0.6ms)


Started GET "/assets/application.css?body=1" for 127.0.0.1 at 2012-10-14 13:27:33 -0700
Served asset /application.css - 304 Not Modified (0ms)


Started GET "/assets/jquery.js?body=1" for 127.0.0.1 at 2012-10-14 13:27:33 -0700
Served asset /jquery.js - 304 Not Modified (0ms)


Started GET "/assets/jquery_ujs.js?body=1" for 127.0.0.1 at 2012-10-14 13:27:33 -0700
Served asset /jquery_ujs.js - 304 Not Modified (0ms)


Started GET "/assets/home.js?body=1" for 127.0.0.1 at 2012-10-14 13:27:33 -0700
Served asset /home.js - 304 Not Modified (0ms)


Started GET "/assets/application.js?body=1" for 127.0.0.1 at 2012-10-14 13:27:33 -0700
Served asset /application.js - 304 Not Modified (0ms)


Started GET "/" for 127.0.0.1 at 2012-10-14 13:29:01 -0700


Started GET "/home" for 127.0.0.1 at 2012-10-14 13:29:02 -0700
  Processing by HomeController#index as HTML
Rendered home/index.html.erb within layouts/application (0.4ms)
Completed 200 OK in 79ms (Views: 78.8ms | ActiveRecord: 0.0ms)


Started GET "/assets/application.css?body=1" for 127.0.0.1 at 2012-10-14 13:29:02 -0700
Served asset /application.css - 304 Not Modified (0ms)


Started GET "/assets/application.js?body=1" for 127.0.0.1 at 2012-10-14 13:29:02 -0700
Served asset /application.js - 304 Not Modified (7ms)


Started GET "/assets/home.js?body=1" for 127.0.0.1 at 2012-10-14 13:29:02 -0700
Served asset /home.js - 304 Not Modified (2ms)


Started GET "/assets/jquery_ujs.js?body=1" for 127.0.0.1 at 2012-10-14 13:29:02 -0700
Served asset /jquery_ujs.js - 304 Not Modified (7ms)


Started GET "/assets/jquery.js?body=1" for 127.0.0.1 at 2012-10-14 13:29:02 -0700
Served asset /jquery.js - 304 Not Modified (6ms)
